<?xml version="1.0" encoding="UTF-8"?>
<!-- Generated by org.testng.reporters.JUnitXMLReporter -->
<testsuite hostname="quyentx-w7" name="MyNewTourTest" tests="15" failures="7" timestamp="24 Feb 2016 10:09:40 GMT" time="119.64" errors="0">
  <testcase name="" time="14.571" classname="com.vsii.tsc.TSCSelenium03.quyentx.MyNewTourTest">
    <failure type="java.lang.AssertionError" message="expected [http://newtours.demoaut.com/mercurypurchase.php] but found [http://newtours.demoaut.com/mercurypurchase2.php]">
      <![CDATA[java.lang.AssertionError: expected [http://newtours.demoaut.com/mercurypurchase.php] but found [http://newtours.demoaut.com/mercurypurchase2.php]
	at com.vsii.tsc.TSCSelenium03.quyentx.MyNewTourTest.checkBookFlight(MyNewTourTest.java:286)
... Removed 30 stack frames]]>
    </failure>
  </testcase> <!--  -->
  <testcase name="" time="15.518" classname="com.vsii.tsc.TSCSelenium03.quyentx.MyNewTourTest">
    <failure type="java.lang.AssertionError" message="expected [http://newtours.demoaut.com/mercurypurchase.php] but found [http://newtours.demoaut.com/mercurypurchase2.php]">
      <![CDATA[java.lang.AssertionError: expected [http://newtours.demoaut.com/mercurypurchase.php] but found [http://newtours.demoaut.com/mercurypurchase2.php]
	at com.vsii.tsc.TSCSelenium03.quyentx.MyNewTourTest.checkBookFlight(MyNewTourTest.java:286)
... Removed 30 stack frames]]>
    </failure>
  </testcase> <!--  -->
  <testcase name="" time="13.35" classname="com.vsii.tsc.TSCSelenium03.quyentx.MyNewTourTest"/>
  <testcase name="" time="8.054" classname="com.vsii.tsc.TSCSelenium03.quyentx.MyNewTourTest">
    <failure type="java.lang.AssertionError" message="expected [http://newtours.demoaut.com/mercuryreservation.php] but found [http://newtours.demoaut.com/mercuryreservation2.php]">
      <![CDATA[java.lang.AssertionError: expected [http://newtours.demoaut.com/mercuryreservation.php] but found [http://newtours.demoaut.com/mercuryreservation2.php]
	at com.vsii.tsc.TSCSelenium03.quyentx.MyNewTourTest.checkFindFlight(MyNewTourTest.java:234)
... Removed 30 stack frames]]>
    </failure>
  </testcase> <!--  -->
  <testcase name="" time="7.744" classname="com.vsii.tsc.TSCSelenium03.quyentx.MyNewTourTest"/>
  <testcase name="" time="1.15" classname="com.vsii.tsc.TSCSelenium03.quyentx.MyNewTourTest">
    <failure type="java.lang.NullPointerException">
      <![CDATA[java.lang.NullPointerException
	at com.vsii.tsc.TSCSelenium03.quyentx.MyNewTourTest.checkLogin(MyNewTourTest.java:55)
... Removed 24 stack frames]]>
    </failure>
  </testcase> <!--  -->
  <testcase name="" time="0.915" classname="com.vsii.tsc.TSCSelenium03.quyentx.MyNewTourTest">
    <failure type="java.lang.NullPointerException">
      <![CDATA[java.lang.NullPointerException
	at com.vsii.tsc.TSCSelenium03.quyentx.MyNewTourTest.checkLogin(MyNewTourTest.java:55)
... Removed 24 stack frames]]>
    </failure>
  </testcase> <!--  -->
  <testcase name="" time="1.022" classname="com.vsii.tsc.TSCSelenium03.quyentx.MyNewTourTest">
    <failure type="java.lang.NullPointerException">
      <![CDATA[java.lang.NullPointerException
	at com.vsii.tsc.TSCSelenium03.quyentx.MyNewTourTest.checkLogin(MyNewTourTest.java:55)
... Removed 24 stack frames]]>
    </failure>
  </testcase> <!--  -->
  <testcase name="" time="4.849" classname="com.vsii.tsc.TSCSelenium03.quyentx.MyNewTourTest"/>
  <testcase name="" time="3.554" classname="com.vsii.tsc.TSCSelenium03.quyentx.MyNewTourTest">
    <failure type="java.lang.AssertionError" message="expected [http://newtours.demoaut.com/mercuryregister.php] but found [http://newtours.demoaut.com/create_account_success.php]">
      <![CDATA[java.lang.AssertionError: expected [http://newtours.demoaut.com/mercuryregister.php] but found [http://newtours.demoaut.com/create_account_success.php]
	at com.vsii.tsc.TSCSelenium03.quyentx.MyNewTourTest.checkRegister(MyNewTourTest.java:187)
... Removed 30 stack frames]]>
    </failure>
  </testcase> <!--  -->
  <testcase name="" time="4.705" classname="com.vsii.tsc.TSCSelenium03.quyentx.MyNewTourTest"/>
  <testcase name="" time="10.137" classname="com.vsii.tsc.TSCSelenium03.quyentx.MyNewTourTest"/>
  <testcase name="" time="7.893" classname="com.vsii.tsc.TSCSelenium03.quyentx.MyNewTourTest"/>
  <testcase name="" time="4.965" classname="com.vsii.tsc.TSCSelenium03.quyentx.MyNewTourTest"/>
  <testcase name="" time="10.663" classname="com.vsii.tsc.TSCSelenium03.quyentx.MyNewTourTest"/>
</testsuite> <!-- MyNewTourTest -->
