<?xml version="1.0" encoding="UTF-8"?>
<!-- Generated by org.testng.reporters.JUnitXMLReporter -->
<testsuite hostname="quyentx-w7" name="NewTour" tests="12" failures="8" timestamp="26 Feb 2016 03:09:32 GMT" time="97.481" errors="0">
  <testcase name="checkBookFlight" time="13.641" classname="com.vsii.tsc.TSCSelenium03.quyentx.NewTour">
    <failure type="java.lang.AssertionError" message="expected [http://newtours.demoaut.com/mercurypurchase.php] but found [http://newtours.demoaut.com/mercurypurchase2.php]">
      <![CDATA[java.lang.AssertionError: expected [http://newtours.demoaut.com/mercurypurchase.php] but found [http://newtours.demoaut.com/mercurypurchase2.php]
	at com.vsii.tsc.TSCSelenium03.quyentx.NewTour.checkBookFlight(NewTour.java:341)
... Removed 30 stack frames]]>
    </failure>
  </testcase> <!-- checkBookFlight -->
  <testcase name="checkBookFlight" time="14.959" classname="com.vsii.tsc.TSCSelenium03.quyentx.NewTour">
    <failure type="java.lang.AssertionError" message="expected [http://newtours.demoaut.com/mercurypurchase.php] but found [http://newtours.demoaut.com/mercurypurchase2.php]">
      <![CDATA[java.lang.AssertionError: expected [http://newtours.demoaut.com/mercurypurchase.php] but found [http://newtours.demoaut.com/mercurypurchase2.php]
	at com.vsii.tsc.TSCSelenium03.quyentx.NewTour.checkBookFlight(NewTour.java:341)
... Removed 30 stack frames]]>
    </failure>
  </testcase> <!-- checkBookFlight -->
  <testcase name="checkBookFlightValid" time="19.425" classname="com.vsii.tsc.TSCSelenium03.quyentx.NewTour"/>
  <testcase name="checkFindFlight" time="8.242" classname="com.vsii.tsc.TSCSelenium03.quyentx.NewTour">
    <failure type="java.lang.AssertionError" message="expected [http://newtours.demoaut.com/mercuryreservation.php] but found [http://newtours.demoaut.com/mercuryreservation2.php]">
      <![CDATA[java.lang.AssertionError: expected [http://newtours.demoaut.com/mercuryreservation.php] but found [http://newtours.demoaut.com/mercuryreservation2.php]
	at com.vsii.tsc.TSCSelenium03.quyentx.NewTour.checkFindFlight(NewTour.java:275)
... Removed 30 stack frames]]>
    </failure>
  </testcase> <!-- checkFindFlight -->
  <testcase name="checkFindFlightValid" time="8.088" classname="com.vsii.tsc.TSCSelenium03.quyentx.NewTour"/>
  <testcase name="checkLogin" time="1.157" classname="com.vsii.tsc.TSCSelenium03.quyentx.NewTour">
    <failure type="java.lang.NullPointerException">
      <![CDATA[java.lang.NullPointerException
	at com.vsii.tsc.TSCSelenium03.quyentx.NewTour.checkLogin(NewTour.java:58)
... Removed 24 stack frames]]>
    </failure>
  </testcase> <!-- checkLogin -->
  <testcase name="checkLogin" time="0.985" classname="com.vsii.tsc.TSCSelenium03.quyentx.NewTour">
    <failure type="java.lang.NullPointerException">
      <![CDATA[java.lang.NullPointerException
	at com.vsii.tsc.TSCSelenium03.quyentx.NewTour.checkLogin(NewTour.java:58)
... Removed 24 stack frames]]>
    </failure>
  </testcase> <!-- checkLogin -->
  <testcase name="checkLogin" time="1.251" classname="com.vsii.tsc.TSCSelenium03.quyentx.NewTour">
    <failure type="java.lang.NullPointerException">
      <![CDATA[java.lang.NullPointerException
	at com.vsii.tsc.TSCSelenium03.quyentx.NewTour.checkLogin(NewTour.java:58)
... Removed 24 stack frames]]>
    </failure>
  </testcase> <!-- checkLogin -->
  <testcase name="checkLoginValid" time="4.993" classname="com.vsii.tsc.TSCSelenium03.quyentx.NewTour"/>
  <testcase name="checkRegister" time="2.165" classname="com.vsii.tsc.TSCSelenium03.quyentx.NewTour">
    <failure type="org.openqa.selenium.WebDriverException" message="Element must be user-editable in order to clear it.
Command duration or timeout: 37 milliseconds
Build info: version: &amp;apos;2.52.0&amp;apos;, revision: &amp;apos;4c2593cfc3689a7fcd7be52549167e5ccc93ad28&amp;apos;, time: &amp;apos;2016-02-11 11:22:43&amp;apos;
System info: host: &amp;apos;quyentx-w7&amp;apos;, ip: &amp;apos;192.168.0.38&amp;apos;, os.name: &amp;apos;Windows 7&amp;apos;, os.arch: &amp;apos;x86&amp;apos;, os.version: &amp;apos;6.1&amp;apos;, java.version: &amp;apos;1.8.0_73&amp;apos;
Driver info: org.openqa.selenium.firefox.FirefoxDriver
Capabilities [{applicationCacheEnabled=true, rotatable=false, handlesAlerts=true, databaseEnabled=true, version=44.0.2, platform=WINDOWS, nativeEvents=false, acceptSslCerts=true, webStorageEnabled=true, locationContextEnabled=true, browserName=firefox, takesScreenshot=true, javascriptEnabled=true, cssSelectorsEnabled=true}]
Session ID: 9004691a-623d-47f8-93f1-5e459303ff5e">
      <![CDATA[org.openqa.selenium.WebDriverException: Element must be user-editable in order to clear it.
Command duration or timeout: 37 milliseconds
Build info: version: '2.52.0', revision: '4c2593cfc3689a7fcd7be52549167e5ccc93ad28', time: '2016-02-11 11:22:43'
System info: host: 'quyentx-w7', ip: '192.168.0.38', os.name: 'Windows 7', os.arch: 'x86', os.version: '6.1', java.version: '1.8.0_73'
Driver info: org.openqa.selenium.firefox.FirefoxDriver
Capabilities [{applicationCacheEnabled=true, rotatable=false, handlesAlerts=true, databaseEnabled=true, version=44.0.2, platform=WINDOWS, nativeEvents=false, acceptSslCerts=true, webStorageEnabled=true, locationContextEnabled=true, browserName=firefox, takesScreenshot=true, javascriptEnabled=true, cssSelectorsEnabled=true}]
Session ID: 9004691a-623d-47f8-93f1-5e459303ff5e
	at org.openqa.selenium.remote.ErrorHandler.createThrowable(ErrorHandler.java:206)
	at org.openqa.selenium.remote.ErrorHandler.throwIfResponseFailed(ErrorHandler.java:158)
	at org.openqa.selenium.remote.RemoteWebDriver.execute(RemoteWebDriver.java:678)
	at org.openqa.selenium.remote.RemoteWebElement.execute(RemoteWebElement.java:327)
	at org.openqa.selenium.remote.RemoteWebElement.clear(RemoteWebElement.java:140)
	at com.vsii.tsc.TSCSelenium03.quyentx.NewTour.checkRegister(NewTour.java:218)
Caused by: org.openqa.selenium.WebDriverException: Element must be user-editable in order to clear it.
Build info: version: '2.52.0', revision: '4c2593cfc3689a7fcd7be52549167e5ccc93ad28', time: '2016-02-11 11:22:43'
System info: host: 'quyentx-w7', ip: '192.168.0.38', os.name: 'Windows 7', os.arch: 'x86', os.version: '6.1', java.version: '1.8.0_73'
Driver info: driver.version: unknown
	at <anonymous class>.bot.Error(file:///C:/Users/quyentx/AppData/Local/Temp/anonymous6954286156838467855webdriver-profile/extensions/fxdriver@googlecode.com/components/command-processor.js:679)
	at <anonymous class>.bot.action.clear(file:///C:/Users/quyentx/AppData/Local/Temp/anonymous6954286156838467855webdriver-profile/extensions/fxdriver@googlecode.com/components/command-processor.js:11638)
	at <anonymous class>.WebElement.clearElement(file:///C:/Users/quyentx/AppData/Local/Temp/anonymous6954286156838467855webdriver-profile/extensions/fxdriver@googlecode.com/components/command-processor.js:12089)
	at <anonymous class>.DelayedCommand.prototype.executeInternal_/h(file:///C:/Users/quyentx/AppData/Local/Temp/anonymous6954286156838467855webdriver-profile/extensions/fxdriver@googlecode.com/components/command-processor.js:12614)
	at <anonymous class>.DelayedCommand.prototype.executeInternal_(file:///C:/Users/quyentx/AppData/Local/Temp/anonymous6954286156838467855webdriver-profile/extensions/fxdriver@googlecode.com/components/command-processor.js:12619)
	at <anonymous class>.DelayedCommand.prototype.execute/<(file:///C:/Users/quyentx/AppData/Local/Temp/anonymous6954286156838467855webdriver-profile/extensions/fxdriver@googlecode.com/components/command-processor.js:12561)
... Removed 28 stack frames]]>
    </failure>
  </testcase> <!-- checkRegister -->
  <testcase name="checkRegisterValid" time="2.137" classname="com.vsii.tsc.TSCSelenium03.quyentx.NewTour">
    <failure type="org.openqa.selenium.WebDriverException" message="Element must be user-editable in order to clear it.
Command duration or timeout: 56 milliseconds
Build info: version: &amp;apos;2.52.0&amp;apos;, revision: &amp;apos;4c2593cfc3689a7fcd7be52549167e5ccc93ad28&amp;apos;, time: &amp;apos;2016-02-11 11:22:43&amp;apos;
System info: host: &amp;apos;quyentx-w7&amp;apos;, ip: &amp;apos;192.168.0.38&amp;apos;, os.name: &amp;apos;Windows 7&amp;apos;, os.arch: &amp;apos;x86&amp;apos;, os.version: &amp;apos;6.1&amp;apos;, java.version: &amp;apos;1.8.0_73&amp;apos;
Driver info: org.openqa.selenium.firefox.FirefoxDriver
Capabilities [{applicationCacheEnabled=true, rotatable=false, handlesAlerts=true, databaseEnabled=true, version=44.0.2, platform=WINDOWS, nativeEvents=false, acceptSslCerts=true, webStorageEnabled=true, locationContextEnabled=true, browserName=firefox, takesScreenshot=true, javascriptEnabled=true, cssSelectorsEnabled=true}]
Session ID: 9004691a-623d-47f8-93f1-5e459303ff5e">
      <![CDATA[org.openqa.selenium.WebDriverException: Element must be user-editable in order to clear it.
Command duration or timeout: 56 milliseconds
Build info: version: '2.52.0', revision: '4c2593cfc3689a7fcd7be52549167e5ccc93ad28', time: '2016-02-11 11:22:43'
System info: host: 'quyentx-w7', ip: '192.168.0.38', os.name: 'Windows 7', os.arch: 'x86', os.version: '6.1', java.version: '1.8.0_73'
Driver info: org.openqa.selenium.firefox.FirefoxDriver
Capabilities [{applicationCacheEnabled=true, rotatable=false, handlesAlerts=true, databaseEnabled=true, version=44.0.2, platform=WINDOWS, nativeEvents=false, acceptSslCerts=true, webStorageEnabled=true, locationContextEnabled=true, browserName=firefox, takesScreenshot=true, javascriptEnabled=true, cssSelectorsEnabled=true}]
Session ID: 9004691a-623d-47f8-93f1-5e459303ff5e
	at org.openqa.selenium.remote.ErrorHandler.createThrowable(ErrorHandler.java:206)
	at org.openqa.selenium.remote.ErrorHandler.throwIfResponseFailed(ErrorHandler.java:158)
	at org.openqa.selenium.remote.RemoteWebDriver.execute(RemoteWebDriver.java:678)
	at org.openqa.selenium.remote.RemoteWebElement.execute(RemoteWebElement.java:327)
	at org.openqa.selenium.remote.RemoteWebElement.clear(RemoteWebElement.java:140)
	at com.vsii.tsc.TSCSelenium03.quyentx.NewTour.checkRegisterValid(NewTour.java:96)
Caused by: org.openqa.selenium.WebDriverException: Element must be user-editable in order to clear it.
Build info: version: '2.52.0', revision: '4c2593cfc3689a7fcd7be52549167e5ccc93ad28', time: '2016-02-11 11:22:43'
System info: host: 'quyentx-w7', ip: '192.168.0.38', os.name: 'Windows 7', os.arch: 'x86', os.version: '6.1', java.version: '1.8.0_73'
Driver info: driver.version: unknown
	at <anonymous class>.bot.Error(file:///C:/Users/quyentx/AppData/Local/Temp/anonymous6954286156838467855webdriver-profile/extensions/fxdriver@googlecode.com/components/command-processor.js:679)
	at <anonymous class>.bot.action.clear(file:///C:/Users/quyentx/AppData/Local/Temp/anonymous6954286156838467855webdriver-profile/extensions/fxdriver@googlecode.com/components/command-processor.js:11638)
	at <anonymous class>.WebElement.clearElement(file:///C:/Users/quyentx/AppData/Local/Temp/anonymous6954286156838467855webdriver-profile/extensions/fxdriver@googlecode.com/components/command-processor.js:12089)
	at <anonymous class>.DelayedCommand.prototype.executeInternal_/h(file:///C:/Users/quyentx/AppData/Local/Temp/anonymous6954286156838467855webdriver-profile/extensions/fxdriver@googlecode.com/components/command-processor.js:12614)
	at <anonymous class>.DelayedCommand.prototype.executeInternal_(file:///C:/Users/quyentx/AppData/Local/Temp/anonymous6954286156838467855webdriver-profile/extensions/fxdriver@googlecode.com/components/command-processor.js:12619)
	at <anonymous class>.DelayedCommand.prototype.execute/<(file:///C:/Users/quyentx/AppData/Local/Temp/anonymous6954286156838467855webdriver-profile/extensions/fxdriver@googlecode.com/components/command-processor.js:12561)
... Removed 28 stack frames]]>
    </failure>
  </testcase> <!-- checkRegisterValid -->
  <testcase name="checkSelectFlightValid" time="10.035" classname="com.vsii.tsc.TSCSelenium03.quyentx.NewTour"/>
</testsuite> <!-- NewTour -->
